<?xml version="1.0" encoding="UTF-8"?>
<!-- Generated by org.testng.reporters.JUnitReportReporter -->
<testsuite hostname="DESKTOP-PGLU7EP" name="qaclickacademy.RestAPITest" tests="2" failures="0" timestamp="17 May 2020 14:38:54 GMT" time="0.001" errors="0">
  <testcase name="DataSheet" time="0.001" classname="qaclickacademy.RestAPITest"/>
  <testcase name="APILogin" time="0.000" classname="qaclickacademy.RestAPITest"/>
</testsuite> <!-- qaclickacademy.RestAPITest -->
