<?xml version="1.0" encoding="UTF-8"?>
<!-- Generated by org.testng.reporters.JUnitReportReporter -->
<testsuite hostname="DESKTOP-PGLU7EP" name="qaclickacademy.AppiumTest" tests="2" failures="0" timestamp="14 May 2020 09:49:43 GMT" time="0.001" errors="0">
  <testcase name="Checkpoint" time="0.000" classname="qaclickacademy.AppiumTest"/>
  <testcase name="Browser" time="0.001" classname="qaclickacademy.AppiumTest"/>
</testsuite> <!-- qaclickacademy.AppiumTest -->
