<?xml version="1.0" encoding="UTF-8"?>
<!-- Generated by org.testng.reporters.JUnitReportReporter -->
<testsuite hostname="DESKTOP-PGLU7EP" name="qaclickacademy.SeleniumTest" tests="2" failures="0" timestamp="17 May 2020 14:38:54 GMT" time="0.013" errors="0">
  <testcase name="ElementsUI" time="0.013" classname="qaclickacademy.SeleniumTest"/>
  <testcase name="General" time="0.000" classname="qaclickacademy.SeleniumTest"/>
</testsuite> <!-- qaclickacademy.SeleniumTest -->
